<?xml version="1.0" encoding="UTF-8"?>
<!-- Generated by org.testng.reporters.JUnitReportReporter -->
<testsuite hostname="Anikets-MacBook-Pro.local" name="runner.TestRunner" tests="1" failures="0" timestamp="5 Mar 2019 05:44:34 GMT" time="6.376" errors="0">
  <testcase name="feature" time="6.376" classname="runner.TestRunner"/>
</testsuite> <!-- runner.TestRunner -->
