<?xml version="1.0" encoding="UTF-8"?>
<!-- Generated by org.testng.reporters.JUnitReportReporter -->
<testsuite hostname="Anikets-MacBook-Pro.local" name="runner.TestRunner" tests="1" failures="0" timestamp="4 Mar 2019 09:57:13 GMT" time="2.244" errors="0">
  <testcase name="feature" time="2.244" classname="runner.TestRunner"/>
</testsuite> <!-- runner.TestRunner -->
