<?xml version="1.0" encoding="UTF-8"?>
<!-- Generated by org.testng.reporters.JUnitReportReporter -->
<testsuite hostname="Anikets-MacBook-Pro.local" name="runner.TestRunner" tests="1" failures="0" timestamp="5 Mar 2019 06:17:33 GMT" time="6.609" errors="0">
  <testcase name="feature" time="6.609" classname="runner.TestRunner"/>
</testsuite> <!-- runner.TestRunner -->
