<?xml version="1.0" encoding="UTF-8"?>
<!-- Generated by org.testng.reporters.JUnitReportReporter -->
<testsuite hostname="Anikets-MacBook-Pro.local" name="runner.TestRunner" tests="1" failures="0" timestamp="5 Mar 2019 07:30:46 GMT" time="7.424" errors="0">
  <testcase name="feature" time="7.424" classname="runner.TestRunner"/>
</testsuite> <!-- runner.TestRunner -->
